2021/05/17 02:33:30 下午 - DownLoadStory - ERROR - 数55试数e测试21数
2021/05/17 02:33:31 下午 - DownLoadStory - ERROR - 试1试25455e数数4测
2021/05/17 02:33:32 下午 - DownLoadStory - ERROR - 数ed44be据1eca测据数1ad
2021/05/17 02:33:33 下午 - DownLoadStory - ERROR - 3测d2d1dccd32e试aaa4试d
2021/05/17 02:33:34 下午 - DownLoadStory - ERROR - 据2测33试a45342试2测a
2021/05/17 02:33:35 下午 - DownLoadStory - ERROR - 4据据2据13b测dda据
2021/05/17 02:33:36 下午 - DownLoadStory - ERROR - 3b3数44测55试da2据ac试
2021/05/17 02:33:37 下午 - DownLoadStory - ERROR - a5da52据据测5
2021/05/17 02:33:38 下午 - DownLoadStory - ERROR - 测5d测
2021/05/17 02:33:39 下午 - DownLoadStory - ERROR - aaeb5测试de5a3数4c测13数3
2021/05/17 02:33:40 下午 - DownLoadStory - ERROR - 1测数b
2021/05/17 02:33:41 下午 - DownLoadStory - ERROR - e5据3数ee4dc
2021/05/17 02:33:42 下午 - DownLoadStory - ERROR - be5测试3e
2021/05/17 02:33:43 下午 - DownLoadStory - ERROR - 21a55d33测eb据
2021/05/17 02:33:44 下午 - DownLoadStory - ERROR - 41c据据据测测b1ca
2021/05/17 02:33:45 下午 - DownLoadStory - ERROR - e试cb1e5dd数4
2021/05/17 02:33:46 下午 - DownLoadStory - ERROR - aae据d试c33c1数5
2021/05/17 02:33:47 下午 - DownLoadStory - ERROR - 数数3d2e据ddcc
2021/05/17 02:33:48 下午 - DownLoadStory - ERROR - c43b31试2425d测测2试据e
2021/05/17 02:33:49 下午 - DownLoadStory - ERROR - 测1
2021/05/17 02:33:50 下午 - DownLoadStory - ERROR - 据3试e5c4e测据据aa
2021/05/17 02:46:56 下午 - DownLoadStory - ERROR - 据a据试d2e15b4
2021/05/17 02:46:57 下午 - DownLoadStory - ERROR - b2据e2155数2试43试
2021/05/17 02:46:58 下午 - DownLoadStory - ERROR - 3数试b1测c3
2021/05/17 02:47:01 下午 - DownLoadStory - ERROR - 1e255c试试adde522数c试c5
2021/05/17 02:48:16 下午 - DownLoadStory - ERROR - 52cd3d数据5据
2021/05/17 02:48:17 下午 - DownLoadStory - ERROR - a11数a13b4a试3数d3
2021/05/17 02:49:30 下午 - DownLoadStory - ERROR - ea数e3测c31试45数aa测e试c
2021/05/17 02:49:31 下午 - DownLoadStory - ERROR - b数e测
2021/05/17 02:49:32 下午 - DownLoadStory - ERROR - bed测d1b3测ae2a数c据e1测
2021/05/17 02:49:33 下午 - DownLoadStory - ERROR - 测据1dd1测ad4a4a4
2021/05/17 02:52:28 下午 - DownLoadStory - ERROR - 数
2021/05/17 02:52:29 下午 - DownLoadStory - ERROR - c据测e2测4b5据
2021/05/17 02:52:30 下午 - DownLoadStory - ERROR - e试试a
2021/05/17 02:52:31 下午 - DownLoadStory - ERROR - c1c54bebc4d3e1425a试
2021/05/17 03:30:46 下午 - DownLoadStory - ERROR - 5131测b2据测据据1据34
2021/05/17 03:30:47 下午 - DownLoadStory - ERROR - 535252c
2021/05/17 03:30:48 下午 - DownLoadStory - ERROR - 33d4a据数a5c51
2021/05/17 03:34:16 下午 - DownLoadStory - ERROR - 据33b试2d5c4115b测d
2021/05/17 03:34:17 下午 - DownLoadStory - ERROR - 试4据c试e1a3a测e
2021/05/17 03:34:18 下午 - DownLoadStory - ERROR - 测试e测cc45a
2021/05/17 03:34:19 下午 - DownLoadStory - ERROR - 据试33测c4据d测a15eb试a2据b
2021/05/17 03:34:20 下午 - DownLoadStory - ERROR - 数2be1数15数
2021/05/17 03:34:38 下午 - DownLoadStory - ERROR - 4c测据13421bcd4测e数试
2021/05/17 03:34:39 下午 - DownLoadStory - ERROR - d试bb1据d据d数测试d5c3b
2021/05/17 03:34:40 下午 - DownLoadStory - ERROR - 测dacc数数aca据c
2021/05/17 03:34:41 下午 - DownLoadStory - ERROR - 数试
2021/05/17 03:34:42 下午 - DownLoadStory - ERROR - ea试bc测be4142测23数
2021/05/17 03:34:43 下午 - DownLoadStory - ERROR - bd2a2试d32d4数b3
2021/05/17 03:34:44 下午 - DownLoadStory - ERROR - 5d据15d试e2a5数数
2021/05/17 03:36:18 下午 - DownLoadStory - ERROR - c2试11c43试44
2021/05/17 03:36:19 下午 - DownLoadStory - ERROR - 据ae3a552e51a1据测2测b数1
2021/05/17 03:36:20 下午 - DownLoadStory - ERROR - b124数3a332测
2021/05/17 03:36:21 下午 - DownLoadStory - ERROR - 144a试试试1数aba5
2021/05/17 03:36:22 下午 - DownLoadStory - ERROR - 5b354e测测数35
2021/05/17 03:36:23 下午 - DownLoadStory - ERROR - 51b4
2021/05/17 03:37:21 下午 - DownLoadStory - ERROR - bea2测53数
2021/05/17 03:37:22 下午 - DownLoadStory - ERROR - 144数5d3据3ad据4a4c
2021/05/17 03:37:40 下午 - DownLoadStory - ERROR - 据数3ac335测d试
2021/05/17 03:37:41 下午 - DownLoadStory - ERROR - 43a34c5测
